# JRE version: Java(TM) SE Runtime Environment (7.0_79-b15) (build 1.7.0_79-b15)
# Java VM: Java HotSpot(TM) 64-Bit Server VM (24.79-b02 mixed mode windows-amd64 compressed oops)
Heap
 PSYoungGen      total 28672K, used 14254K [0x00000000eaa80000, 0x00000000ed380000, 0x0000000100000000)
  eden space 24576K, 49% used [0x00000000eaa80000,0x00000000eb67e508,0x00000000ec280000)
  from space 4096K, 48% used [0x00000000ec280000,0x00000000ec46d468,0x00000000ec680000)
  to   space 4096K, 0% used [0x00000000ec680000,0x00000000ec680000,0x00000000eca80000)
 ParOldGen       total 84480K, used 8834K [0x00000000c0000000, 0x00000000c5280000, 0x00000000eaa80000)
  object space 84480K, 10% used [0x00000000c0000000,0x00000000c08a0a00,0x00000000c5280000)
 PSPermGen       total 21504K, used 4642K [0x00000000bae00000, 0x00000000bc300000, 0x00000000c0000000)
  object space 21504K, 21% used [0x00000000bae00000,0x00000000bb288830,0x00000000bc300000)
GC Heap History (8 events):
Event: 1.524 GC heap before
{Heap before GC invocations=1 (full 0):
 PSYoungGen      total 28672K, used 24576K [0x00000000eaa80000, 0x00000000eca80000, 0x0000000100000000)
  eden space 24576K, 100% used [0x00000000eaa80000,0x00000000ec280000,0x00000000ec280000)
  from space 4096K, 0% used [0x00000000ec680000,0x00000000ec680000,0x00000000eca80000)
  to   space 4096K, 0% used [0x00000000ec280000,0x00000000ec280000,0x00000000ec680000)
 ParOldGen       total 65024K, used 0K [0x00000000c0000000, 0x00000000c3f80000, 0x00000000eaa80000)
  object space 65024K, 0% used [0x00000000c0000000,0x00000000c0000000,0x00000000c3f80000)
 PSPermGen       total 21504K, used 3965K [0x00000000bae00000, 0x00000000bc300000, 0x00000000c0000000)
  object space 21504K, 18% used [0x00000000bae00000,0x00000000bb1df450,0x00000000bc300000)
Event: 1.535 GC heap after
Heap after GC invocations=1 (full 0):
 PSYoungGen      total 28672K, used 4083K [0x00000000eaa80000, 0x00000000eca80000, 0x0000000100000000)
  eden space 24576K, 0% used [0x00000000eaa80000,0x00000000eaa80000,0x00000000ec280000)
  from space 4096K, 99% used [0x00000000ec280000,0x00000000ec67ceb8,0x00000000ec680000)
  to   space 4096K, 0% used [0x00000000ec680000,0x00000000ec680000,0x00000000eca80000)
 ParOldGen       total 65024K, used 36743K [0x00000000c0000000, 0x00000000c3f80000, 0x00000000eaa80000)
  object space 65024K, 56% used [0x00000000c0000000,0x00000000c23e1ce8,0x00000000c3f80000)
 PSPermGen       total 21504K, used 3965K [0x00000000bae00000, 0x00000000bc300000, 0x00000000c0000000)
  object space 21504K, 18% used [0x00000000bae00000,0x00000000bb1df450,0x00000000bc300000)
}
Event: 1.535 GC heap before
{Heap before GC invocations=2 (full 1):
 PSYoungGen      total 28672K, used 4083K [0x00000000eaa80000, 0x00000000eca80000, 0x0000000100000000)
  eden space 24576K, 0% used [0x00000000eaa80000,0x00000000eaa80000,0x00000000ec280000)
  from space 4096K, 99% used [0x00000000ec280000,0x00000000ec67ceb8,0x00000000ec680000)
  to   space 4096K, 0% used [0x00000000ec680000,0x00000000ec680000,0x00000000eca80000)
 ParOldGen       total 65024K, used 36743K [0x00000000c0000000, 0x00000000c3f80000, 0x00000000eaa80000)
  object space 65024K, 56% used [0x00000000c0000000,0x00000000c23e1ce8,0x00000000c3f80000)
 PSPermGen       total 21504K, used 3965K [0x00000000bae00000, 0x00000000bc300000, 0x00000000c0000000)
  object space 21504K, 18% used [0x00000000bae00000,0x00000000bb1df450,0x00000000bc300000)
Event: 1.549 GC heap after
Heap after GC invocations=2 (full 1):
 PSYoungGen      total 28672K, used 0K [0x00000000eaa80000, 0x00000000eca80000, 0x0000000100000000)
  eden space 24576K, 0% used [0x00000000eaa80000,0x00000000eaa80000,0x00000000ec280000)
  from space 4096K, 0% used [0x00000000ec280000,0x00000000ec280000,0x00000000ec680000)
  to   space 4096K, 0% used [0x00000000ec680000,0x00000000ec680000,0x00000000eca80000)
 ParOldGen       total 84480K, used 8826K [0x00000000c0000000, 0x00000000c5280000, 0x00000000eaa80000)
  object space 84480K, 10% used [0x00000000c0000000,0x00000000c089ea00,0x00000000c5280000)
 PSPermGen       total 21504K, used 3963K [0x00000000bae00000, 0x00000000bc300000, 0x00000000c0000000)
  object space 21504K, 18% used [0x00000000bae00000,0x00000000bb1def80,0x00000000bc300000)
}
Event: 2.000 GC heap before
{Heap before GC invocations=3 (full 1):
 PSYoungGen      total 28672K, used 24576K [0x00000000eaa80000, 0x00000000eca80000, 0x0000000100000000)
  eden space 24576K, 100% used [0x00000000eaa80000,0x00000000ec280000,0x00000000ec280000)
  from space 4096K, 0% used [0x00000000ec280000,0x00000000ec280000,0x00000000ec680000)
  to   space 4096K, 0% used [0x00000000ec680000,0x00000000ec680000,0x00000000eca80000)
 ParOldGen       total 84480K, used 8826K [0x00000000c0000000, 0x00000000c5280000, 0x00000000eaa80000)
  object space 84480K, 10% used [0x00000000c0000000,0x00000000c089ea00,0x00000000c5280000)
 PSPermGen       total 21504K, used 4113K [0x00000000bae00000, 0x00000000bc300000, 0x00000000c0000000)
  object space 21504K, 19% used [0x00000000bae00000,0x00000000bb2046f8,0x00000000bc300000)
Event: 2.001 GC heap after
Heap after GC invocations=3 (full 1):
 PSYoungGen      total 28672K, used 1280K [0x00000000eaa80000, 0x00000000ed380000, 0x0000000100000000)
  eden space 24576K, 0% used [0x00000000eaa80000,0x00000000eaa80000,0x00000000ec280000)
  from space 4096K, 31% used [0x00000000ec680000,0x00000000ec7c0000,0x00000000eca80000)
  to   space 4096K, 0% used [0x00000000ec280000,0x00000000ec280000,0x00000000ec680000)
 ParOldGen       total 84480K, used 8834K [0x00000000c0000000, 0x00000000c5280000, 0x00000000eaa80000)
  object space 84480K, 10% used [0x00000000c0000000,0x00000000c08a0a00,0x00000000c5280000)
 PSPermGen       total 21504K, used 4113K [0x00000000bae00000, 0x00000000bc300000, 0x00000000c0000000)
  object space 21504K, 19% used [0x00000000bae00000,0x00000000bb2046f8,0x00000000bc300000)
}
Event: 2.299 GC heap before
{Heap before GC invocations=4 (full 1):
 PSYoungGen      total 28672K, used 25856K [0x00000000eaa80000, 0x00000000ed380000, 0x0000000100000000)
  eden space 24576K, 100% used [0x00000000eaa80000,0x00000000ec280000,0x00000000ec280000)
  from space 4096K, 31% used [0x00000000ec680000,0x00000000ec7c0000,0x00000000eca80000)
  to   space 4096K, 0% used [0x00000000ec280000,0x00000000ec280000,0x00000000ec680000)
 ParOldGen       total 84480K, used 8834K [0x00000000c0000000, 0x00000000c5280000, 0x00000000eaa80000)
  object space 84480K, 10% used [0x00000000c0000000,0x00000000c08a0a00,0x00000000c5280000)
 PSPermGen       total 21504K, used 4431K [0x00000000bae00000, 0x00000000bc300000, 0x00000000c0000000)
  object space 21504K, 20% used [0x00000000bae00000,0x00000000bb253ec8,0x00000000bc300000)
Event: 2.301 GC heap after
Heap after GC invocations=4 (full 1):
 PSYoungGen      total 28672K, used 1973K [0x00000000eaa80000, 0x00000000ed380000, 0x0000000100000000)
  eden space 24576K, 0% used [0x00000000eaa80000,0x00000000eaa80000,0x00000000ec280000)
  from space 4096K, 48% used [0x00000000ec280000,0x00000000ec46d468,0x00000000ec680000)
  to   space 4096K, 0% used [0x00000000ec680000,0x00000000ec680000,0x00000000eca80000)
 ParOldGen       total 84480K, used 8834K [0x00000000c0000000, 0x00000000c5280000, 0x00000000eaa80000)
  object space 84480K, 10% used [0x00000000c0000000,0x00000000c08a0a00,0x00000000c5280000)
 PSPermGen       total 21504K, used 4431K [0x00000000bae00000, 0x00000000bc300000, 0x00000000c0000000)
  object space 21504K, 20% used [0x00000000bae00000,0x00000000bb253ec8,0x00000000bc300000)
}

